<?xml version="1.0" encoding="UTF-8"?>
<testng-results skipped="0" failed="0" total="1" passed="1">
  <reporter-output>
  </reporter-output>
  <suite name="Default suite" duration-ms="33365" started-at="2022-03-04T15:42:45Z" finished-at="2022-03-04T15:43:18Z">
    <groups>
    </groups>
    <test name="Default test" duration-ms="33365" started-at="2022-03-04T15:42:45Z" finished-at="2022-03-04T15:43:18Z">
      <class name="org.BaseTesting.Basetestingifchild">
        <test-method status="PASS" signature="tc03()[pri:0, instance:org.BaseTesting.Basetestingifchild@31610302]" name="tc03" duration-ms="33336" started-at="2022-03-04T21:12:45Z" finished-at="2022-03-04T21:13:18Z">
          <reporter-output>
          </reporter-output>
        </test-method> <!-- tc03 -->
      </class> <!-- org.BaseTesting.Basetestingifchild -->
    </test> <!-- Default test -->
  </suite> <!-- Default suite -->
</testng-results>
